This is pdfTeX, Version 3.14159265-2.6-1.40.21 (MiKTeX 2.9.7440 64-bit) (preloaded format=pdflatex 2020.6.25)  26 JUL 2020 17:08
entering extended mode
**./res1.tex
(res1.tex
LaTeX2e <2020-02-02> patch level 5
L3 programming layer <2020-05-15> (res.cls
Document Style `res' <26 Sep 89>.
Document Class: res 2000/05/19 v1.4b Resume class
("C:\Users\will\AppData\Local\Programs\MiKTeX 2.9\tex/latex/base\article.cls"
Document Class: article 2019/12/20 v1.4l Standard LaTeX document class
("C:\Users\will\AppData\Local\Programs\MiKTeX 2.9\tex/latex/base\size10.clo"
File: size10.clo 2019/12/20 v1.4l Standard LaTeX file (size option)
)
\c@part=\count167
\c@section=\count168
\c@subsection=\count169
\c@subsubsection=\count170
\c@paragraph=\count171
\c@subparagraph=\count172
\c@figure=\count173
\c@table=\count174
\abovecaptionskip=\skip47
\belowcaptionskip=\skip48
\bibindent=\dimen134
)
No auxiliary output files.

\tabular@text=\toks15
\tabular@head=\toks16
\tabular@tail=\toks17
\@ta=\toks18
\undefined@token=\toks19
\sectionwidth=\dimen135
\sectionskip=\skip49
\resumewidth=\dimen136
\@columnwidth=\dimen137
\c@numberofcolumns=\count175
)
("C:\Users\will\AppData\Local\Programs\MiKTeX 2.9\tex/latex/l3backend\l3backend
-pdfmode.def"
File: l3backend-pdfmode.def 2020-05-05 L3 backend support: PDF mode
\l__kernel_color_stack_int=\count176
\l__pdf_internal_box=\box45
)
No file res1.aux.
LaTeX Font Info:    Checking defaults for OML/cmm/m/it on input line 9.
LaTeX Font Info:    ... okay on input line 9.
LaTeX Font Info:    Checking defaults for OMS/cmsy/m/n on input line 9.
LaTeX Font Info:    ... okay on input line 9.
LaTeX Font Info:    Checking defaults for OT1/cmr/m/n on input line 9.
LaTeX Font Info:    ... okay on input line 9.
LaTeX Font Info:    Checking defaults for T1/cmr/m/n on input line 9.
LaTeX Font Info:    ... okay on input line 9.
LaTeX Font Info:    Checking defaults for TS1/cmr/m/n on input line 9.
LaTeX Font Info:    ... okay on input line 9.
LaTeX Font Info:    Checking defaults for OMX/cmex/m/n on input line 9.
LaTeX Font Info:    ... okay on input line 9.
LaTeX Font Info:    Checking defaults for U/cmr/m/n on input line 9.
LaTeX Font Info:    ... okay on input line 9.
LaTeX Font Info:    External font `cmex10' loaded for size
(Font)              <7> on input line 18.
LaTeX Font Info:    External font `cmex10' loaded for size
(Font)              <5> on input line 18.

Underfull \hbox (badness 10000) in paragraph at lines 76--79

 []

[1

{C:/Users/will/AppData/Local/MiKTeX/2.9/pdftex/config/pdftex.map}] [2] ) 
Here is how much of TeX's memory you used:
 453 strings out of 480799
 7354 string characters out of 2896251
 243747 words of memory out of 3000000
 16537 multiletter control sequences out of 15000+200000
 533932 words of font info for 29 fonts, out of 3000000 for 9000
 1141 hyphenation exceptions out of 8191
 32i,8n,23p,406b,197s stack positions out of 5000i,500n,10000p,200000b,50000s
 <C:\Us
ers\will\AppData\Local\MiKTeX\2.9\fonts/pk/ljfour/jknappen/ec/dpi600\tcrm1000.p
k><C:/Users/will/AppData/Local/Programs/MiKTeX 2.9/fonts/type1/public/amsfonts/
cm/cmbx10.pfb><C:/Users/will/AppData/Local/Programs/MiKTeX 2.9/fonts/type1/publ
ic/amsfonts/cm/cmbx12.pfb><C:/Users/will/AppData/Local/Programs/MiKTeX 2.9/font
s/type1/public/amsfonts/cm/cmr10.pfb><C:/Users/will/AppData/Local/Programs/MiKT
eX 2.9/fonts/type1/public/amsfonts/cm/cmti10.pfb>
Output written on res1.pdf (2 pages, 67994 bytes).
PDF statistics:
 30 PDF objects out of 1000 (max. 8388607)
 0 named destinations out of 1000 (max. 500000)
 1 words of extra memory for PDF output out of 10000 (max. 10000000)

